<?xml version="1.0" encoding="UTF-8"?>
<testng-results skipped="0" failed="0" total="1" passed="1">
  <reporter-output>
  </reporter-output>
  <suite name="com.appium.demo.AndroidCalculatorTest" duration-ms="50375" started-at="2018-01-07T08:08:58Z" finished-at="2018-01-07T08:09:48Z">
    <groups>
    </groups>
    <test name="Command line test" duration-ms="50375" started-at="2018-01-07T08:08:58Z" finished-at="2018-01-07T08:09:48Z">
      <class name="com.appium.demo.AndroidCalculatorTest">
        <test-method status="PASS" signature="setUp()[pri:0, instance:com.appium.demo.AndroidCalculatorTest@43840]" name="setUp" is-config="true" duration-ms="34542" started-at="2018-01-07T13:38:58Z" finished-at="2018-01-07T13:39:32Z">
          <reporter-output>
          </reporter-output>
        </test-method> <!-- setUp -->
        <test-method status="PASS" signature="Sum()[pri:0, instance:com.appium.demo.AndroidCalculatorTest@43840]" name="Sum" duration-ms="11652" started-at="2018-01-07T13:39:32Z" finished-at="2018-01-07T13:39:44Z">
          <reporter-output>
          </reporter-output>
        </test-method> <!-- Sum -->
        <test-method status="PASS" signature="End()[pri:0, instance:com.appium.demo.AndroidCalculatorTest@43840]" name="End" is-config="true" duration-ms="4166" started-at="2018-01-07T13:39:44Z" finished-at="2018-01-07T13:39:48Z">
          <reporter-output>
          </reporter-output>
        </test-method> <!-- End -->
      </class> <!-- com.appium.demo.AndroidCalculatorTest -->
    </test> <!-- Command line test -->
  </suite> <!-- com.appium.demo.AndroidCalculatorTest -->
</testng-results>
